[1/9] Performing build step for 'bootloader'
[1/1] cd /home/marcos/esp/kyber-seed-esp32/kyber-seed-esp32/build/bootloader/esp-idf/esptool_py && /home/marcos/.espressif/python_env/idf5.2_py3.12_env/bin/python /home/marcos/esp/esp-idf/components/partition_table/check_sizes.py --offset 0x8000 bootloader 0x0 /home/marcos/esp/kyber-seed-esp32/kyber-seed-esp32/build/bootloader/bootloader.bin
Bootloader binary size 0x4f40 bytes. 0x30c0 bytes (38%) free.
[2/9] Building C object esp-idf/main/CMakeFiles/__idf_main.dir/hello.c.obj
FAILED: esp-idf/main/CMakeFiles/__idf_main.dir/hello.c.obj 
/home/marcos/.espressif/tools/xtensa-esp-elf/esp-13.2.0_20230928/xtensa-esp-elf/bin/xtensa-esp32s3-elf-gcc -DESP_PLATFORM -DIDF_VER=\"v5.2.2\" -DSOC_MMU_PAGE_SIZE=CONFIG_MMU_PAGE_SIZE -DSOC_XTAL_FREQ_MHZ=CONFIG_XTAL_FREQ -D_GLIBCXX_HAVE_POSIX_SEMAPHORE -D_GLIBCXX_USE_POSIX_SEMAPHORE -D_GNU_SOURCE -D_POSIX_READER_WRITER_LOCKS -I/home/marcos/esp/kyber-seed-esp32/kyber-seed-esp32/build/config -I/home/marcos/esp/esp-idf/components/newlib/platform_include -I/home/marcos/esp/esp-idf/components/freertos/config/include -I/home/marcos/esp/esp-idf/components/freertos/config/include/freertos -I/home/marcos/esp/esp-idf/components/freertos/config/xtensa/include -I/home/marcos/esp/esp-idf/components/freertos/FreeRTOS-Kernel/include -I/home/marcos/esp/esp-idf/components/freertos/FreeRTOS-Kernel/portable/xtensa/include -I/home/marcos/esp/esp-idf/components/freertos/FreeRTOS-Kernel/portable/xtensa/include/freertos -I/home/marcos/esp/esp-idf/components/freertos/esp_additions/include -I/home/marcos/esp/esp-idf/components/esp_hw_support/include -I/home/marcos/esp/esp-idf/components/esp_hw_support/include/soc -I/home/marcos/esp/esp-idf/components/esp_hw_support/include/soc/esp32s3 -I/home/marcos/esp/esp-idf/components/esp_hw_support/port/esp32s3/. -I/home/marcos/esp/esp-idf/components/heap/include -I/home/marcos/esp/esp-idf/components/log/include -I/home/marcos/esp/esp-idf/components/soc/include -I/home/marcos/esp/esp-idf/components/soc/esp32s3 -I/home/marcos/esp/esp-idf/components/soc/esp32s3/include -I/home/marcos/esp/esp-idf/components/hal/platform_port/include -I/home/marcos/esp/esp-idf/components/hal/esp32s3/include -I/home/marcos/esp/esp-idf/components/hal/include -I/home/marcos/esp/esp-idf/components/esp_rom/include -I/home/marcos/esp/esp-idf/components/esp_rom/include/esp32s3 -I/home/marcos/esp/esp-idf/components/esp_rom/esp32s3 -I/home/marcos/esp/esp-idf/components/esp_common/include -I/home/marcos/esp/esp-idf/components/esp_system/include -I/home/marcos/esp/esp-idf/components/esp_system/port/soc -I/home/marcos/esp/esp-idf/components/esp_system/port/include/private -I/home/marcos/esp/esp-idf/components/xtensa/esp32s3/include -I/home/marcos/esp/esp-idf/components/xtensa/include -I/home/marcos/esp/esp-idf/components/xtensa/deprecated_include -I/home/marcos/esp/esp-idf/components/lwip/include -I/home/marcos/esp/esp-idf/components/lwip/include/apps -I/home/marcos/esp/esp-idf/components/lwip/include/apps/sntp -I/home/marcos/esp/esp-idf/components/lwip/lwip/src/include -I/home/marcos/esp/esp-idf/components/lwip/port/include -I/home/marcos/esp/esp-idf/components/lwip/port/freertos/include -I/home/marcos/esp/esp-idf/components/lwip/port/esp32xx/include -I/home/marcos/esp/esp-idf/components/lwip/port/esp32xx/include/arch -I/home/marcos/esp/esp-idf/components/lwip/port/esp32xx/include/sys -I/home/marcos/esp/kyber-seed-esp32/kyber-seed-esp32/components/kyber/include -I/home/marcos/esp/esp-idf/components/esp_timer/include -I/home/marcos/esp/esp-idf/components/driver/include -I/home/marcos/esp/esp-idf/components/driver/deprecated -I/home/marcos/esp/esp-idf/components/driver/analog_comparator/include -I/home/marcos/esp/esp-idf/components/driver/dac/include -I/home/marcos/esp/esp-idf/components/driver/gpio/include -I/home/marcos/esp/esp-idf/components/driver/gptimer/include -I/home/marcos/esp/esp-idf/components/driver/i2c/include -I/home/marcos/esp/esp-idf/components/driver/i2s/include -I/home/marcos/esp/esp-idf/components/driver/ledc/include -I/home/marcos/esp/esp-idf/components/driver/mcpwm/include -I/home/marcos/esp/esp-idf/components/driver/parlio/include -I/home/marcos/esp/esp-idf/components/driver/pcnt/include -I/home/marcos/esp/esp-idf/components/driver/rmt/include -I/home/marcos/esp/esp-idf/components/driver/sdio_slave/include -I/home/marcos/esp/esp-idf/components/driver/sdmmc/include -I/home/marcos/esp/esp-idf/components/driver/sigma_delta/include -I/home/marcos/esp/esp-idf/components/driver/spi/include -I/home/marcos/esp/esp-idf/components/driver/temperature_sensor/include -I/home/marcos/esp/esp-idf/components/driver/touch_sensor/include -I/home/marcos/esp/esp-idf/components/driver/twai/include -I/home/marcos/esp/esp-idf/components/driver/uart/include -I/home/marcos/esp/esp-idf/components/driver/usb_serial_jtag/include -I/home/marcos/esp/esp-idf/components/driver/touch_sensor/esp32s3/include -I/home/marcos/esp/esp-idf/components/esp_pm/include -I/home/marcos/esp/esp-idf/components/esp_ringbuf/include -mlongcalls  -fno-builtin-memcpy -fno-builtin-memset -fno-builtin-bzero -fno-builtin-stpcpy -fno-builtin-strncpy -fdiagnostics-color=always -ffunction-sections -fdata-sections -Wall -Werror=all -Wno-error=unused-function -Wno-error=unused-variable -Wno-error=unused-but-set-variable -Wno-error=deprecated-declarations -Wextra -Wno-unused-parameter -Wno-sign-compare -Wno-enum-conversion -gdwarf-4 -ggdb -Og -fno-shrink-wrap -fmacro-prefix-map=/home/marcos/esp/kyber-seed-esp32/kyber-seed-esp32=. -fmacro-prefix-map=/home/marcos/esp/esp-idf=/IDF -fstrict-volatile-bitfields -fno-jump-tables -fno-tree-switch-conversion -std=gnu17 -Wno-old-style-declaration -MD -MT esp-idf/main/CMakeFiles/__idf_main.dir/hello.c.obj -MF esp-idf/main/CMakeFiles/__idf_main.dir/hello.c.obj.d -o esp-idf/main/CMakeFiles/__idf_main.dir/hello.c.obj -c /home/marcos/esp/kyber-seed-esp32/kyber-seed-esp32/main/hello.c
/home/marcos/esp/kyber-seed-esp32/kyber-seed-esp32/main/hello.c: In function 'app_main':
/home/marcos/esp/kyber-seed-esp32/kyber-seed-esp32/main/hello.c:72:16: error: format '%u' expects argument of type 'unsigned int', but argument 2 has type 'uint32_t' {aka 'long unsigned int'} [-Werror=format=]
   72 |         printf("%05u,%" PRId64 ",%" PRId64 ",", i, t_start, t_gen_us);
      |                ^~~~~~~~                         ~
      |                                                 |
      |                                                 uint32_t {aka long unsigned int}
cc1: some warnings being treated as errors
[3/9] No install step for 'bootloader'
ninja: build stopped: subcommand failed.
